{"C:\\Users\\Jaccey\\Desktop\\sycamore_backend_assessment\\src\\app.ts": {"path":"C:\\Users\\Jaccey\\Desktop\\sycamore_backend_assessment\\src\\app.ts","statementMap":{"0":{"start":{"line":1,"column":0},"end":{"line":1,"column":80}},"1":{"start":{"line":2,"column":0},"end":{"line":2,"column":24}},"2":{"start":{"line":3,"column":0},"end":{"line":3,"column":43}},"3":{"start":{"line":6,"column":0},"end":{"line":6,"column":53}},"4":{"start":{"line":8,"column":25},"end":{"line":8,"column":34}},"5":{"start":{"line":12,"column":16},"end":{"line":20,"column":2}},"6":{"start":{"line":22,"column":0},"end":{"line":22,"column":17}},"7":{"start":{"line":23,"column":0},"end":{"line":33,"column":2}},"8":{"start":{"line":34,"column":0},"end":{"line":34,"column":24}},"9":{"start":{"line":35,"column":0},"end":{"line":35,"column":48}},"10":{"start":{"line":38,"column":0},"end":{"line":40,"column":3}},"11":{"start":{"line":39,"column":2},"end":{"line":39,"column":70}},"12":{"start":{"line":43,"column":0},"end":{"line":43,"column":37}},"13":{"start":{"line":46,"column":0},"end":{"line":52,"column":3}},"14":{"start":{"line":47,"column":16},"end":{"line":48,"column":null}},"15":{"start":{"line":50,"column":2},"end":{"line":50,"column":26}},"16":{"start":{"line":51,"column":2},"end":{"line":51,"column":14}},"17":{"start":{"line":55,"column":0},"end":{"line":82,"column":3}},"18":{"start":{"line":56,"column":18},"end":{"line":56,"column":26}},"19":{"start":{"line":57,"column":21},"end":{"line":57,"column":32}},"20":{"start":{"line":60,"column":2},"end":{"line":74,"column":3}},"21":{"start":{"line":65,"column":4},"end":{"line":65,"column":21}},"22":{"start":{"line":66,"column":7},"end":{"line":74,"column":3}},"23":{"start":{"line":66,"column":40},"end":{"line":66,"column":57}},"24":{"start":{"line":67,"column":7},"end":{"line":74,"column":3}},"25":{"start":{"line":67,"column":37},"end":{"line":67,"column":54}},"26":{"start":{"line":68,"column":7},"end":{"line":74,"column":3}},"27":{"start":{"line":68,"column":36},"end":{"line":68,"column":53}},"28":{"start":{"line":70,"column":4},"end":{"line":70,"column":21}},"29":{"start":{"line":71,"column":4},"end":{"line":71,"column":38}},"30":{"start":{"line":72,"column":4},"end":{"line":72,"column":75}},"31":{"start":{"line":73,"column":4},"end":{"line":73,"column":37}},"32":{"start":{"line":76,"column":2},"end":{"line":81,"column":5}},"33":{"start":{"line":84,"column":0},"end":{"line":84,"column":19}}},"fnMap":{"0":{"name":"(anonymous_1)","decl":{"start":{"line":38,"column":13},"end":{"line":38,"column":14}},"loc":{"start":{"line":38,"column":27},"end":{"line":40,"column":1}}},"1":{"name":"(anonymous_2)","decl":{"start":{"line":46,"column":8},"end":{"line":46,"column":9}},"loc":{"start":{"line":46,"column":61},"end":{"line":52,"column":1}}},"2":{"name":"(anonymous_3)","decl":{"start":{"line":55,"column":8},"end":{"line":55,"column":9}},"loc":{"start":{"line":55,"column":74},"end":{"line":82,"column":1}}}},"branchMap":{"0":{"loc":{"start":{"line":25,"column":12},"end":{"line":25,"column":61}},"type":"binary-expr","locations":[{"start":{"line":25,"column":12},"end":{"line":25,"column":34}},{"start":{"line":25,"column":38},"end":{"line":25,"column":61}}]},"1":{"loc":{"start":{"line":60,"column":2},"end":{"line":74,"column":3}},"type":"if","locations":[{"start":{"line":60,"column":2},"end":{"line":74,"column":3}},{"start":{"line":66,"column":7},"end":{"line":74,"column":3}}]},"2":{"loc":{"start":{"line":61,"column":4},"end":{"line":63,"column":29}},"type":"binary-expr","locations":[{"start":{"line":61,"column":4},"end":{"line":61,"column":34}},{"start":{"line":62,"column":4},"end":{"line":62,"column":41}},{"start":{"line":63,"column":4},"end":{"line":63,"column":29}}]},"3":{"loc":{"start":{"line":66,"column":7},"end":{"line":74,"column":3}},"type":"if","locations":[{"start":{"line":66,"column":7},"end":{"line":74,"column":3}},{"start":{"line":67,"column":7},"end":{"line":74,"column":3}}]},"4":{"loc":{"start":{"line":67,"column":7},"end":{"line":74,"column":3}},"type":"if","locations":[{"start":{"line":67,"column":7},"end":{"line":74,"column":3}},{"start":{"line":68,"column":7},"end":{"line":74,"column":3}}]},"5":{"loc":{"start":{"line":68,"column":7},"end":{"line":74,"column":3}},"type":"if","locations":[{"start":{"line":68,"column":7},"end":{"line":74,"column":3}},{"start":{"line":69,"column":7},"end":{"line":74,"column":3}}]}},"s":{"0":1,"1":1,"2":1,"3":1,"4":1,"5":1,"6":1,"7":1,"8":1,"9":1,"10":1,"11":1,"12":1,"13":1,"14":1,"15":1,"16":1,"17":1,"18":1,"19":1,"20":1,"21":0,"22":1,"23":0,"24":1,"25":0,"26":1,"27":1,"28":0,"29":0,"30":0,"31":0,"32":1,"33":1},"f":{"0":1,"1":1,"2":1},"b":{"0":[1,0],"1":[0,1],"2":[1,1,1],"3":[0,1],"4":[0,1],"5":[1,0]}}
,"C:\\Users\\Jaccey\\Desktop\\sycamore_backend_assessment\\src\\index.ts": {"path":"C:\\Users\\Jaccey\\Desktop\\sycamore_backend_assessment\\src\\index.ts","statementMap":{"0":{"start":{"line":1,"column":0},"end":{"line":1,"column":28}},"1":{"start":{"line":2,"column":0},"end":{"line":2,"column":24}},"2":{"start":{"line":3,"column":0},"end":{"line":3,"column":32}},"3":{"start":{"line":4,"column":0},"end":{"line":4,"column":44}},"4":{"start":{"line":6,"column":0},"end":{"line":6,"column":16}},"5":{"start":{"line":7,"column":13},"end":{"line":7,"column":37}},"6":{"start":{"line":10,"column":22},"end":{"line":20,"column":1}},"7":{"start":{"line":11,"column":2},"end":{"line":19,"column":5}},"8":{"start":{"line":12,"column":27},"end":{"line":14,"column":6}},"9":{"start":{"line":16,"column":4},"end":{"line":18,"column":5}},"10":{"start":{"line":17,"column":6},"end":{"line":17,"column":38}},"11":{"start":{"line":21,"column":0},"end":{"line":21,"column":16}},"12":{"start":{"line":24,"column":0},"end":{"line":36,"column":5}},"13":{"start":{"line":27,"column":4},"end":{"line":27,"column":55}},"14":{"start":{"line":30,"column":4},"end":{"line":32,"column":7}},"15":{"start":{"line":31,"column":6},"end":{"line":31,"column":58}},"16":{"start":{"line":35,"column":4},"end":{"line":35,"column":61}}},"fnMap":{"0":{"name":"(anonymous_1)","decl":{"start":{"line":10,"column":22},"end":{"line":10,"column":25}},"loc":{"start":{"line":10,"column":27},"end":{"line":20,"column":1}}},"1":{"name":"(anonymous_2)","decl":{"start":{"line":11,"column":18},"end":{"line":11,"column":23}},"loc":{"start":{"line":11,"column":35},"end":{"line":19,"column":3}}},"2":{"name":"(anonymous_3)","decl":{"start":{"line":26,"column":8},"end":{"line":26,"column":11}},"loc":{"start":{"line":26,"column":13},"end":{"line":33,"column":3}}},"3":{"name":"(anonymous_4)","decl":{"start":{"line":30,"column":21},"end":{"line":30,"column":24}},"loc":{"start":{"line":30,"column":26},"end":{"line":32,"column":5}}},"4":{"name":"(anonymous_5)","decl":{"start":{"line":34,"column":9},"end":{"line":34,"column":10}},"loc":{"start":{"line":34,"column":24},"end":{"line":36,"column":3}}}},"branchMap":{"0":{"loc":{"start":{"line":7,"column":13},"end":{"line":7,"column":37}},"type":"binary-expr","locations":[{"start":{"line":7,"column":13},"end":{"line":7,"column":29}},{"start":{"line":7,"column":33},"end":{"line":7,"column":37}}]},"1":{"loc":{"start":{"line":16,"column":4},"end":{"line":18,"column":5}},"type":"if","locations":[{"start":{"line":16,"column":4},"end":{"line":18,"column":5}},{"start":{},"end":{}}]}},"s":{"0":0,"1":0,"2":0,"3":0,"4":0,"5":0,"6":0,"7":0,"8":0,"9":0,"10":0,"11":0,"12":0,"13":0,"14":0,"15":0,"16":0},"f":{"0":0,"1":0,"2":0,"3":0,"4":0},"b":{"0":[0,0],"1":[0,0]}}
,"C:\\Users\\Jaccey\\Desktop\\sycamore_backend_assessment\\src\\config\\config.js": {"path":"C:\\Users\\Jaccey\\Desktop\\sycamore_backend_assessment\\src\\config\\config.js","statementMap":{"0":{"start":{"line":1,"column":0},"end":{"line":1,"column":27}},"1":{"start":{"line":3,"column":0},"end":{"line":25,"column":2}}},"fnMap":{},"branchMap":{},"s":{"0":2,"1":2},"f":{},"b":{},"inputSourceMap":null,"_coverageSchema":"1a1c01bbd47fc00a2c39e90264f33305004495a9","hash":"6a657ef188749db31c2f99c8fcee2307b9235a16"}
,"C:\\Users\\Jaccey\\Desktop\\sycamore_backend_assessment\\src\\controllers\\transfer.controller.ts": {"path":"C:\\Users\\Jaccey\\Desktop\\sycamore_backend_assessment\\src\\controllers\\transfer.controller.ts","statementMap":{"0":{"start":{"line":3,"column":0},"end":{"line":3,"column":58}},"1":{"start":{"line":4,"column":0},"end":{"line":4,"column":50}},"2":{"start":{"line":6,"column":30},"end":{"line":97,"column":1}},"3":{"start":{"line":11,"column":24},"end":{"line":11,"column":43}},"4":{"start":{"line":12,"column":48},"end":{"line":12,"column":52}},"5":{"start":{"line":14,"column":2},"end":{"line":96,"column":3}},"6":{"start":{"line":16,"column":6},"end":{"line":16,"column":33}},"7":{"start":{"line":17,"column":27},"end":{"line":17,"column":67}},"8":{"start":{"line":21,"column":6},"end":{"line":22,"column":null}},"9":{"start":{"line":25,"column":4},"end":{"line":34,"column":5}},"10":{"start":{"line":28,"column":8},"end":{"line":28,"column":79}},"11":{"start":{"line":29,"column":6},"end":{"line":32,"column":9}},"12":{"start":{"line":33,"column":6},"end":{"line":33,"column":13}},"13":{"start":{"line":37,"column":40},"end":{"line":40,"column":6}},"14":{"start":{"line":42,"column":4},"end":{"line":46,"column":5}},"15":{"start":{"line":43,"column":20},"end":{"line":43,"column":79}},"16":{"start":{"line":44,"column":6},"end":{"line":44,"column":37}},"17":{"start":{"line":45,"column":6},"end":{"line":45,"column":18}},"18":{"start":{"line":47,"column":4},"end":{"line":53,"column":5}},"19":{"start":{"line":48,"column":20},"end":{"line":49,"column":null}},"20":{"start":{"line":51,"column":6},"end":{"line":51,"column":37}},"21":{"start":{"line":52,"column":6},"end":{"line":52,"column":18}},"22":{"start":{"line":56,"column":4},"end":{"line":62,"column":5}},"23":{"start":{"line":57,"column":20},"end":{"line":58,"column":null}},"24":{"start":{"line":60,"column":6},"end":{"line":60,"column":32}},"25":{"start":{"line":61,"column":6},"end":{"line":61,"column":18}},"26":{"start":{"line":65,"column":4},"end":{"line":71,"column":7}},"27":{"start":{"line":74,"column":4},"end":{"line":79,"column":7}},"28":{"start":{"line":81,"column":4},"end":{"line":84,"column":7}},"29":{"start":{"line":87,"column":4},"end":{"line":92,"column":5}},"30":{"start":{"line":88,"column":6},"end":{"line":91,"column":8}},"31":{"start":{"line":95,"column":4},"end":{"line":95,"column":16}},"32":{"start":{"line":6,"column":13},"end":{"line":6,"column":30}}},"fnMap":{"0":{"name":"(anonymous_0)","decl":{"start":{"line":6,"column":30},"end":{"line":6,"column":35}},"loc":{"start":{"line":10,"column":19},"end":{"line":97,"column":1}}}},"branchMap":{"0":{"loc":{"start":{"line":25,"column":4},"end":{"line":34,"column":5}},"type":"if","locations":[{"start":{"line":25,"column":4},"end":{"line":34,"column":5}},{"start":{},"end":{}}]},"1":{"loc":{"start":{"line":28,"column":8},"end":{"line":28,"column":79}},"type":"cond-expr","locations":[{"start":{"line":28,"column":70},"end":{"line":28,"column":73}},{"start":{"line":28,"column":76},"end":{"line":28,"column":79}}]},"2":{"loc":{"start":{"line":42,"column":4},"end":{"line":46,"column":5}},"type":"if","locations":[{"start":{"line":42,"column":4},"end":{"line":46,"column":5}},{"start":{},"end":{}}]},"3":{"loc":{"start":{"line":47,"column":4},"end":{"line":53,"column":5}},"type":"if","locations":[{"start":{"line":47,"column":4},"end":{"line":53,"column":5}},{"start":{},"end":{}}]},"4":{"loc":{"start":{"line":56,"column":4},"end":{"line":62,"column":5}},"type":"if","locations":[{"start":{"line":56,"column":4},"end":{"line":62,"column":5}},{"start":{},"end":{}}]},"5":{"loc":{"start":{"line":70,"column":10},"end":{"line":70,"column":32}},"type":"binary-expr","locations":[{"start":{"line":70,"column":10},"end":{"line":70,"column":17}},{"start":{"line":70,"column":21},"end":{"line":70,"column":32}}]},"6":{"loc":{"start":{"line":87,"column":4},"end":{"line":92,"column":5}},"type":"if","locations":[{"start":{"line":87,"column":4},"end":{"line":92,"column":5}},{"start":{},"end":{}}]}},"s":{"0":1,"1":1,"2":1,"3":0,"4":0,"5":0,"6":0,"7":0,"8":0,"9":0,"10":0,"11":0,"12":0,"13":0,"14":0,"15":0,"16":0,"17":0,"18":0,"19":0,"20":0,"21":0,"22":0,"23":0,"24":0,"25":0,"26":0,"27":0,"28":0,"29":0,"30":0,"31":0,"32":1},"f":{"0":0},"b":{"0":[0,0],"1":[0,0],"2":[0,0],"3":[0,0],"4":[0,0],"5":[0,0],"6":[0,0]}}
,"C:\\Users\\Jaccey\\Desktop\\sycamore_backend_assessment\\src\\middlewares\\verificationMiddleware.ts": {"path":"C:\\Users\\Jaccey\\Desktop\\sycamore_backend_assessment\\src\\middlewares\\verificationMiddleware.ts","statementMap":{"0":{"start":{"line":4,"column":0},"end":{"line":4,"column":16}},"1":{"start":{"line":38,"column":0},"end":{"line":38,"column":16}},"2":{"start":{"line":9,"column":25},"end":{"line":9,"column":55}},"3":{"start":{"line":12,"column":2},"end":{"line":17,"column":3}},"4":{"start":{"line":13,"column":18},"end":{"line":13,"column":66}},"5":{"start":{"line":14,"column":4},"end":{"line":14,"column":35}},"6":{"start":{"line":16,"column":4},"end":{"line":16,"column":23}},"7":{"start":{"line":19,"column":2},"end":{"line":23,"column":3}},"8":{"start":{"line":20,"column":18},"end":{"line":20,"column":64}},"9":{"start":{"line":21,"column":4},"end":{"line":21,"column":35}},"10":{"start":{"line":22,"column":4},"end":{"line":22,"column":23}},"11":{"start":{"line":27,"column":4},"end":{"line":27,"column":76}},"12":{"start":{"line":29,"column":2},"end":{"line":33,"column":3}},"13":{"start":{"line":30,"column":18},"end":{"line":30,"column":71}},"14":{"start":{"line":31,"column":4},"end":{"line":31,"column":35}},"15":{"start":{"line":32,"column":4},"end":{"line":32,"column":23}},"16":{"start":{"line":35,"column":2},"end":{"line":35,"column":9}},"17":{"start":{"line":43,"column":45},"end":{"line":43,"column":53}},"18":{"start":{"line":45,"column":2},"end":{"line":52,"column":3}},"19":{"start":{"line":46,"column":18},"end":{"line":47,"column":null}},"20":{"start":{"line":49,"column":4},"end":{"line":49,"column":35}},"21":{"start":{"line":51,"column":4},"end":{"line":51,"column":23}},"22":{"start":{"line":54,"column":2},"end":{"line":54,"column":9}}},"fnMap":{"0":{"name":"verifyIdempotencyKey","decl":{"start":{"line":4,"column":16},"end":{"line":4,"column":36}},"loc":{"start":{"line":7,"column":20},"end":{"line":36,"column":1}}},"1":{"name":"verifyTransferData","decl":{"start":{"line":38,"column":16},"end":{"line":38,"column":34}},"loc":{"start":{"line":41,"column":20},"end":{"line":55,"column":1}}}},"branchMap":{"0":{"loc":{"start":{"line":12,"column":2},"end":{"line":17,"column":3}},"type":"if","locations":[{"start":{"line":12,"column":2},"end":{"line":17,"column":3}},{"start":{},"end":{}}]},"1":{"loc":{"start":{"line":19,"column":2},"end":{"line":23,"column":3}},"type":"if","locations":[{"start":{"line":19,"column":2},"end":{"line":23,"column":3}},{"start":{},"end":{}}]},"2":{"loc":{"start":{"line":29,"column":2},"end":{"line":33,"column":3}},"type":"if","locations":[{"start":{"line":29,"column":2},"end":{"line":33,"column":3}},{"start":{},"end":{}}]},"3":{"loc":{"start":{"line":45,"column":2},"end":{"line":52,"column":3}},"type":"if","locations":[{"start":{"line":45,"column":2},"end":{"line":52,"column":3}},{"start":{},"end":{}}]},"4":{"loc":{"start":{"line":45,"column":6},"end":{"line":45,"column":57}},"type":"binary-expr","locations":[{"start":{"line":45,"column":6},"end":{"line":45,"column":18}},{"start":{"line":45,"column":22},"end":{"line":45,"column":32}},{"start":{"line":45,"column":36},"end":{"line":45,"column":43}},{"start":{"line":45,"column":47},"end":{"line":45,"column":57}}]}},"s":{"0":1,"1":1,"2":0,"3":0,"4":0,"5":0,"6":0,"7":0,"8":0,"9":0,"10":0,"11":0,"12":0,"13":0,"14":0,"15":0,"16":0,"17":0,"18":0,"19":0,"20":0,"21":0,"22":0},"f":{"0":0,"1":0},"b":{"0":[0,0],"1":[0,0],"2":[0,0],"3":[0,0],"4":[0,0,0,0]}}
,"C:\\Users\\Jaccey\\Desktop\\sycamore_backend_assessment\\src\\migrations\\20260204141249-create-wallet.js": {"path":"C:\\Users\\Jaccey\\Desktop\\sycamore_backend_assessment\\src\\migrations\\20260204141249-create-wallet.js","statementMap":{"0":{"start":{"line":3,"column":0},"end":{"line":28,"column":2}},"1":{"start":{"line":5,"column":4},"end":{"line":23,"column":7}},"2":{"start":{"line":26,"column":4},"end":{"line":26,"column":46}}},"fnMap":{"0":{"name":"(anonymous_0)","decl":{"start":{"line":4,"column":2},"end":{"line":4,"column":3}},"loc":{"start":{"line":4,"column":38},"end":{"line":24,"column":3}},"line":4},"1":{"name":"(anonymous_1)","decl":{"start":{"line":25,"column":2},"end":{"line":25,"column":3}},"loc":{"start":{"line":25,"column":40},"end":{"line":27,"column":3}},"line":25}},"branchMap":{},"s":{"0":0,"1":0,"2":0},"f":{"0":0,"1":0},"b":{},"inputSourceMap":null}
,"C:\\Users\\Jaccey\\Desktop\\sycamore_backend_assessment\\src\\migrations\\20260204144937-create-ledger.js": {"path":"C:\\Users\\Jaccey\\Desktop\\sycamore_backend_assessment\\src\\migrations\\20260204144937-create-ledger.js","statementMap":{"0":{"start":{"line":3,"column":0},"end":{"line":28,"column":2}},"1":{"start":{"line":5,"column":4},"end":{"line":23,"column":7}},"2":{"start":{"line":26,"column":4},"end":{"line":26,"column":46}}},"fnMap":{"0":{"name":"(anonymous_0)","decl":{"start":{"line":4,"column":2},"end":{"line":4,"column":3}},"loc":{"start":{"line":4,"column":38},"end":{"line":24,"column":3}},"line":4},"1":{"name":"(anonymous_1)","decl":{"start":{"line":25,"column":2},"end":{"line":25,"column":3}},"loc":{"start":{"line":25,"column":40},"end":{"line":27,"column":3}},"line":25}},"branchMap":{},"s":{"0":0,"1":0,"2":0},"f":{"0":0,"1":0},"b":{},"inputSourceMap":null}
,"C:\\Users\\Jaccey\\Desktop\\sycamore_backend_assessment\\src\\models\\index.ts": {"path":"C:\\Users\\Jaccey\\Desktop\\sycamore_backend_assessment\\src\\models\\index.ts","statementMap":{"0":{"start":{"line":3,"column":11},"end":{"line":3,"column":24}},"1":{"start":{"line":4,"column":13},"end":{"line":4,"column":28}},"2":{"start":{"line":5,"column":18},"end":{"line":5,"column":38}},"3":{"start":{"line":6,"column":16},"end":{"line":6,"column":34}},"4":{"start":{"line":7,"column":17},"end":{"line":7,"column":42}},"5":{"start":{"line":8,"column":12},"end":{"line":8,"column":49}},"6":{"start":{"line":9,"column":15},"end":{"line":9,"column":72}},"7":{"start":{"line":10,"column":16},"end":{"line":10,"column":18}},"8":{"start":{"line":13,"column":0},"end":{"line":22,"column":1}},"9":{"start":{"line":14,"column":2},"end":{"line":14,"column":74}},"10":{"start":{"line":16,"column":2},"end":{"line":21,"column":4}},"11":{"start":{"line":24,"column":0},"end":{"line":39,"column":5}},"12":{"start":{"line":26,"column":4},"end":{"line":31,"column":6}},"13":{"start":{"line":34,"column":18},"end":{"line":36,"column":null}},"14":{"start":{"line":38,"column":4},"end":{"line":38,"column":27}},"15":{"start":{"line":41,"column":0},"end":{"line":45,"column":3}},"16":{"start":{"line":42,"column":2},"end":{"line":44,"column":3}},"17":{"start":{"line":43,"column":4},"end":{"line":43,"column":32}},"18":{"start":{"line":47,"column":0},"end":{"line":47,"column":25}},"19":{"start":{"line":48,"column":0},"end":{"line":48,"column":25}},"20":{"start":{"line":50,"column":0},"end":{"line":50,"column":18}}},"fnMap":{"0":{"name":"(anonymous_0)","decl":{"start":{"line":25,"column":10},"end":{"line":25,"column":11}},"loc":{"start":{"line":25,"column":27},"end":{"line":32,"column":3}}},"1":{"name":"(anonymous_1)","decl":{"start":{"line":33,"column":11},"end":{"line":33,"column":12}},"loc":{"start":{"line":33,"column":28},"end":{"line":39,"column":3}}},"2":{"name":"(anonymous_2)","decl":{"start":{"line":41,"column":24},"end":{"line":41,"column":25}},"loc":{"start":{"line":41,"column":38},"end":{"line":45,"column":1}}}},"branchMap":{"0":{"loc":{"start":{"line":8,"column":12},"end":{"line":8,"column":49}},"type":"binary-expr","locations":[{"start":{"line":8,"column":12},"end":{"line":8,"column":32}},{"start":{"line":8,"column":36},"end":{"line":8,"column":49}}]},"1":{"loc":{"start":{"line":13,"column":0},"end":{"line":22,"column":1}},"type":"if","locations":[{"start":{"line":13,"column":0},"end":{"line":22,"column":1}},{"start":{"line":15,"column":7},"end":{"line":22,"column":1}}]},"2":{"loc":{"start":{"line":27,"column":6},"end":{"line":30,"column":37}},"type":"binary-expr","locations":[{"start":{"line":27,"column":6},"end":{"line":27,"column":29}},{"start":{"line":28,"column":6},"end":{"line":28,"column":23}},{"start":{"line":29,"column":6},"end":{"line":29,"column":30}},{"start":{"line":30,"column":6},"end":{"line":30,"column":37}}]},"3":{"loc":{"start":{"line":42,"column":2},"end":{"line":44,"column":3}},"type":"if","locations":[{"start":{"line":42,"column":2},"end":{"line":44,"column":3}},{"start":{},"end":{}}]}},"s":{"0":2,"1":2,"2":2,"3":2,"4":2,"5":2,"6":2,"7":2,"8":2,"9":0,"10":2,"11":2,"12":6,"13":4,"14":4,"15":2,"16":4,"17":4,"18":2,"19":2,"20":2},"f":{"0":6,"1":4,"2":4},"b":{"0":[2,0],"1":[0,2],"2":[6,6,4,4],"3":[4,0]}}
,"C:\\Users\\Jaccey\\Desktop\\sycamore_backend_assessment\\src\\models\\ledger.ts": {"path":"C:\\Users\\Jaccey\\Desktop\\sycamore_backend_assessment\\src\\models\\ledger.ts","statementMap":{"0":{"start":{"line":3,"column":0},"end":{"line":3,"column":56}},"1":{"start":{"line":4,"column":0},"end":{"line":4,"column":50}},"2":{"start":{"line":7,"column":0},"end":{"line":82,"column":2}},"3":{"start":{"line":27,"column":6},"end":{"line":30,"column":9}},"4":{"start":{"line":32,"column":6},"end":{"line":35,"column":9}},"5":{"start":{"line":38,"column":2},"end":{"line":80,"column":4}},"6":{"start":{"line":81,"column":2},"end":{"line":81,"column":16}}},"fnMap":{"0":{"name":"(anonymous_0)","decl":{"start":{"line":7,"column":17},"end":{"line":7,"column":18}},"loc":{"start":{"line":7,"column":71},"end":{"line":82,"column":1}}},"1":{"name":"(anonymous_1)","decl":{"start":{"line":24,"column":4},"end":{"line":24,"column":10}},"loc":{"start":{"line":24,"column":32},"end":{"line":36,"column":5}}}},"branchMap":{},"s":{"0":2,"1":2,"2":2,"3":2,"4":2,"5":2,"6":2},"f":{"0":2,"1":2},"b":{}}
,"C:\\Users\\Jaccey\\Desktop\\sycamore_backend_assessment\\src\\models\\wallet.ts": {"path":"C:\\Users\\Jaccey\\Desktop\\sycamore_backend_assessment\\src\\models\\wallet.ts","statementMap":{"0":{"start":{"line":2,"column":0},"end":{"line":2,"column":56}},"1":{"start":{"line":3,"column":0},"end":{"line":3,"column":41}},"2":{"start":{"line":6,"column":0},"end":{"line":68,"column":2}},"3":{"start":{"line":22,"column":6},"end":{"line":25,"column":9}},"4":{"start":{"line":27,"column":6},"end":{"line":30,"column":9}},"5":{"start":{"line":34,"column":2},"end":{"line":65,"column":4}},"6":{"start":{"line":67,"column":2},"end":{"line":67,"column":16}}},"fnMap":{"0":{"name":"(anonymous_0)","decl":{"start":{"line":6,"column":17},"end":{"line":6,"column":18}},"loc":{"start":{"line":6,"column":71},"end":{"line":68,"column":1}}},"1":{"name":"(anonymous_1)","decl":{"start":{"line":20,"column":4},"end":{"line":20,"column":10}},"loc":{"start":{"line":20,"column":32},"end":{"line":31,"column":5}}}},"branchMap":{},"s":{"0":2,"1":2,"2":2,"3":2,"4":2,"5":2,"6":2},"f":{"0":2,"1":2},"b":{}}
,"C:\\Users\\Jaccey\\Desktop\\sycamore_backend_assessment\\src\\routes\\transfer.route.ts": {"path":"C:\\Users\\Jaccey\\Desktop\\sycamore_backend_assessment\\src\\routes\\transfer.route.ts","statementMap":{"0":{"start":{"line":1,"column":0},"end":{"line":1,"column":33}},"1":{"start":{"line":2,"column":0},"end":{"line":2,"column":null}},"2":{"start":{"line":6,"column":0},"end":{"line":6,"column":68}},"3":{"start":{"line":8,"column":23},"end":{"line":8,"column":31}},"4":{"start":{"line":11,"column":0},"end":{"line":11,"column":75}},"5":{"start":{"line":13,"column":0},"end":{"line":13,"column":22}}},"fnMap":{},"branchMap":{},"s":{"0":1,"1":1,"2":1,"3":1,"4":1,"5":1},"f":{},"b":{}}
,"C:\\Users\\Jaccey\\Desktop\\sycamore_backend_assessment\\src\\seeders\\wallets.ts": {"path":"C:\\Users\\Jaccey\\Desktop\\sycamore_backend_assessment\\src\\seeders\\wallets.ts","statementMap":{"0":{"start":{"line":1,"column":0},"end":{"line":1,"column":41}},"1":{"start":{"line":4,"column":13},"end":{"line":25,"column":2}}},"fnMap":{},"branchMap":{},"s":{"0":0,"1":0},"f":{},"b":{}}
,"C:\\Users\\Jaccey\\Desktop\\sycamore_backend_assessment\\src\\services\\interestAccumulatorService.ts": {"path":"C:\\Users\\Jaccey\\Desktop\\sycamore_backend_assessment\\src\\services\\interestAccumulatorService.ts","statementMap":{"0":{"start":{"line":1,"column":0},"end":{"line":1,"column":37}},"1":{"start":{"line":4,"column":0},"end":{"line":4,"column":64}},"2":{"start":{"line":14,"column":23},"end":{"line":14,"column":43}},"3":{"start":{"line":16,"column":24},"end":{"line":16,"column":42}},"4":{"start":{"line":18,"column":30},"end":{"line":18,"column":70}},"5":{"start":{"line":20,"column":22},"end":{"line":20,"column":59}},"6":{"start":{"line":22,"column":4},"end":{"line":22,"column":39}},"7":{"start":{"line":26,"column":4},"end":{"line":26,"column":68}},"8":{"start":{"line":6,"column":0},"end":{"line":6,"column":13}},"9":{"start":{"line":7,"column":17},"end":{"line":7,"column":42}}},"fnMap":{"0":{"name":"(anonymous_0)","decl":{"start":{"line":13,"column":2},"end":{"line":13,"column":8}},"loc":{"start":{"line":13,"column":59},"end":{"line":23,"column":3}}},"1":{"name":"(anonymous_1)","decl":{"start":{"line":25,"column":2},"end":{"line":25,"column":8}},"loc":{"start":{"line":25,"column":32},"end":{"line":27,"column":3}}}},"branchMap":{"0":{"loc":{"start":{"line":18,"column":30},"end":{"line":18,"column":70}},"type":"cond-expr","locations":[{"start":{"line":18,"column":61},"end":{"line":18,"column":64}},{"start":{"line":18,"column":67},"end":{"line":18,"column":70}}]},"1":{"loc":{"start":{"line":26,"column":11},"end":{"line":26,"column":67}},"type":"binary-expr","locations":[{"start":{"line":26,"column":12},"end":{"line":26,"column":26}},{"start":{"line":26,"column":30},"end":{"line":26,"column":46}},{"start":{"line":26,"column":51},"end":{"line":26,"column":67}}]}},"s":{"0":1,"1":1,"2":3,"3":3,"4":3,"5":3,"6":3,"7":7,"8":1,"9":1},"f":{"0":3,"1":7},"b":{"0":[1,2],"1":[7,4,5]}}
,"C:\\Users\\Jaccey\\Desktop\\sycamore_backend_assessment\\src\\services\\walletService.ts": {"path":"C:\\Users\\Jaccey\\Desktop\\sycamore_backend_assessment\\src\\services\\walletService.ts","statementMap":{"0":{"start":{"line":2,"column":0},"end":{"line":2,"column":27}},"1":{"start":{"line":3,"column":0},"end":{"line":3,"column":50}},"2":{"start":{"line":15,"column":4},"end":{"line":15,"column":69}},"3":{"start":{"line":25,"column":4},"end":{"line":57,"column":7}},"4":{"start":{"line":27,"column":42},"end":{"line":37,"column":8}},"5":{"start":{"line":40,"column":6},"end":{"line":44,"column":7}},"6":{"start":{"line":41,"column":22},"end":{"line":41,"column":53}},"7":{"start":{"line":42,"column":8},"end":{"line":42,"column":46}},"8":{"start":{"line":43,"column":8},"end":{"line":43,"column":20}},"9":{"start":{"line":47,"column":6},"end":{"line":47,"column":77}},"10":{"start":{"line":50,"column":6},"end":{"line":50,"column":78}},"11":{"start":{"line":53,"column":6},"end":{"line":56,"column":8}},"12":{"start":{"line":59,"column":4},"end":{"line":59,"column":16}},"13":{"start":{"line":69,"column":24},"end":{"line":76,"column":6}},"14":{"start":{"line":78,"column":4},"end":{"line":78,"column":23}},"15":{"start":{"line":85,"column":26},"end":{"line":87,"column":null}},"16":{"start":{"line":90,"column":4},"end":{"line":90,"column":28}},"17":{"start":{"line":96,"column":4},"end":{"line":96,"column":67}},"18":{"start":{"line":11,"column":0},"end":{"line":11,"column":13}}},"fnMap":{"0":{"name":"(anonymous_1)","decl":{"start":{"line":12,"column":9},"end":{"line":12,"column":14}},"loc":{"start":{"line":13,"column":22},"end":{"line":16,"column":3}}},"1":{"name":"(anonymous_2)","decl":{"start":{"line":18,"column":9},"end":{"line":18,"column":14}},"loc":{"start":{"line":23,"column":25},"end":{"line":60,"column":3}}},"2":{"name":"(anonymous_3)","decl":{"start":{"line":25,"column":36},"end":{"line":25,"column":41}},"loc":{"start":{"line":25,"column":61},"end":{"line":57,"column":5}}},"3":{"name":"(anonymous_4)","decl":{"start":{"line":62,"column":9},"end":{"line":62,"column":14}},"loc":{"start":{"line":68,"column":29},"end":{"line":79,"column":3}}},"4":{"name":"(anonymous_5)","decl":{"start":{"line":81,"column":9},"end":{"line":81,"column":14}},"loc":{"start":{"line":83,"column":29},"end":{"line":91,"column":3}}},"5":{"name":"(anonymous_6)","decl":{"start":{"line":93,"column":9},"end":{"line":93,"column":14}},"loc":{"start":{"line":94,"column":26},"end":{"line":97,"column":3}}}},"branchMap":{"0":{"loc":{"start":{"line":40,"column":6},"end":{"line":44,"column":7}},"type":"if","locations":[{"start":{"line":40,"column":6},"end":{"line":44,"column":7}},{"start":{},"end":{}}]}},"s":{"0":2,"1":2,"2":2,"3":4,"4":4,"5":4,"6":1,"7":1,"8":1,"9":3,"10":2,"11":2,"12":2,"13":2,"14":2,"15":2,"16":2,"17":2,"18":2},"f":{"0":2,"1":4,"2":4,"3":2,"4":2,"5":2},"b":{"0":[1,3]}}
,"C:\\Users\\Jaccey\\Desktop\\sycamore_backend_assessment\\src\\types\\enum.ts": {"path":"C:\\Users\\Jaccey\\Desktop\\sycamore_backend_assessment\\src\\types\\enum.ts","statementMap":{"0":{"start":{"line":1,"column":0},"end":{"line":1,"column":null}},"1":{"start":{"line":2,"column":2},"end":{"line":2,"column":null}},"2":{"start":{"line":3,"column":2},"end":{"line":3,"column":null}},"3":{"start":{"line":4,"column":2},"end":{"line":4,"column":null}},"4":{"start":{"line":7,"column":0},"end":{"line":7,"column":null}},"5":{"start":{"line":8,"column":2},"end":{"line":8,"column":null}},"6":{"start":{"line":9,"column":2},"end":{"line":9,"column":null}}},"fnMap":{"0":{"name":"(anonymous_0)","decl":{"start":{"line":1,"column":0},"end":{"line":1,"column":12}},"loc":{"start":{"line":1,"column":29},"end":{"line":5,"column":1}}},"1":{"name":"(anonymous_1)","decl":{"start":{"line":7,"column":0},"end":{"line":7,"column":12}},"loc":{"start":{"line":7,"column":20},"end":{"line":10,"column":1}}}},"branchMap":{"0":{"loc":{"start":{"line":1,"column":12},"end":{"line":1,"column":null}},"type":"binary-expr","locations":[{"start":{"line":1,"column":12},"end":{"line":1,"column":29}},{"start":{"line":1,"column":29},"end":{"line":1,"column":null}}]},"1":{"loc":{"start":{"line":7,"column":12},"end":{"line":7,"column":null}},"type":"binary-expr","locations":[{"start":{"line":7,"column":12},"end":{"line":7,"column":20}},{"start":{"line":7,"column":20},"end":{"line":7,"column":null}}]}},"s":{"0":3,"1":3,"2":3,"3":3,"4":3,"5":3,"6":3},"f":{"0":3,"1":3},"b":{"0":[3,3],"1":[3,3]}}
}
