TN:
SF:src\app.ts
FN:38,(anonymous_1)
FN:46,(anonymous_2)
FN:55,(anonymous_3)
FNF:3
FNH:3
FNDA:1,(anonymous_1)
FNDA:1,(anonymous_2)
FNDA:1,(anonymous_3)
DA:1,1
DA:2,1
DA:3,1
DA:6,1
DA:8,1
DA:12,1
DA:22,1
DA:23,1
DA:34,1
DA:35,1
DA:38,1
DA:39,1
DA:43,1
DA:46,1
DA:47,1
DA:50,1
DA:51,1
DA:55,1
DA:56,1
DA:57,1
DA:60,1
DA:65,0
DA:66,1
DA:67,1
DA:68,1
DA:70,0
DA:71,0
DA:72,0
DA:73,0
DA:76,1
DA:84,1
LF:31
LH:26
BRDA:25,0,0,1
BRDA:25,0,1,0
BRDA:60,1,0,0
BRDA:60,1,1,1
BRDA:61,2,0,1
BRDA:61,2,1,1
BRDA:61,2,2,1
BRDA:66,3,0,0
BRDA:66,3,1,1
BRDA:67,4,0,0
BRDA:67,4,1,1
BRDA:68,5,0,1
BRDA:68,5,1,0
BRF:13
BRH:8
end_of_record
TN:
SF:src\index.ts
FN:10,(anonymous_1)
FN:11,(anonymous_2)
FN:26,(anonymous_3)
FN:30,(anonymous_4)
FN:34,(anonymous_5)
FNF:5
FNH:0
FNDA:0,(anonymous_1)
FNDA:0,(anonymous_2)
FNDA:0,(anonymous_3)
FNDA:0,(anonymous_4)
FNDA:0,(anonymous_5)
DA:1,0
DA:2,0
DA:3,0
DA:4,0
DA:6,0
DA:7,0
DA:10,0
DA:11,0
DA:12,0
DA:16,0
DA:17,0
DA:21,0
DA:24,0
DA:27,0
DA:30,0
DA:31,0
DA:35,0
LF:17
LH:0
BRDA:7,0,0,0
BRDA:7,0,1,0
BRDA:16,1,0,0
BRDA:16,1,1,0
BRF:4
BRH:0
end_of_record
TN:
SF:src\config\config.js
FNF:0
FNH:0
DA:1,2
DA:3,2
LF:2
LH:2
BRF:0
BRH:0
end_of_record
TN:
SF:src\controllers\transfer.controller.ts
FN:6,(anonymous_0)
FNF:1
FNH:0
FNDA:0,(anonymous_0)
DA:3,1
DA:4,1
DA:6,1
DA:11,0
DA:12,0
DA:14,0
DA:16,0
DA:17,0
DA:21,0
DA:25,0
DA:28,0
DA:29,0
DA:33,0
DA:37,0
DA:42,0
DA:43,0
DA:44,0
DA:45,0
DA:47,0
DA:48,0
DA:51,0
DA:52,0
DA:56,0
DA:57,0
DA:60,0
DA:61,0
DA:65,0
DA:74,0
DA:81,0
DA:87,0
DA:88,0
DA:95,0
LF:32
LH:3
BRDA:25,0,0,0
BRDA:25,0,1,0
BRDA:28,1,0,0
BRDA:28,1,1,0
BRDA:42,2,0,0
BRDA:42,2,1,0
BRDA:47,3,0,0
BRDA:47,3,1,0
BRDA:56,4,0,0
BRDA:56,4,1,0
BRDA:70,5,0,0
BRDA:70,5,1,0
BRDA:87,6,0,0
BRDA:87,6,1,0
BRF:14
BRH:0
end_of_record
TN:
SF:src\middlewares\verificationMiddleware.ts
FN:4,verifyIdempotencyKey
FN:38,verifyTransferData
FNF:2
FNH:0
FNDA:0,verifyIdempotencyKey
FNDA:0,verifyTransferData
DA:4,1
DA:9,0
DA:12,0
DA:13,0
DA:14,0
DA:16,0
DA:19,0
DA:20,0
DA:21,0
DA:22,0
DA:27,0
DA:29,0
DA:30,0
DA:31,0
DA:32,0
DA:35,0
DA:38,1
DA:43,0
DA:45,0
DA:46,0
DA:49,0
DA:51,0
DA:54,0
LF:23
LH:2
BRDA:12,0,0,0
BRDA:12,0,1,0
BRDA:19,1,0,0
BRDA:19,1,1,0
BRDA:29,2,0,0
BRDA:29,2,1,0
BRDA:45,3,0,0
BRDA:45,3,1,0
BRDA:45,4,0,0
BRDA:45,4,1,0
BRDA:45,4,2,0
BRDA:45,4,3,0
BRF:12
BRH:0
end_of_record
TN:
SF:src\migrations\20260204141249-create-wallet.js
FN:4,(anonymous_0)
FN:25,(anonymous_1)
FNF:2
FNH:0
FNDA:0,(anonymous_0)
FNDA:0,(anonymous_1)
DA:3,0
DA:5,0
DA:26,0
LF:3
LH:0
BRF:0
BRH:0
end_of_record
TN:
SF:src\migrations\20260204144937-create-ledger.js
FN:4,(anonymous_0)
FN:25,(anonymous_1)
FNF:2
FNH:0
FNDA:0,(anonymous_0)
FNDA:0,(anonymous_1)
DA:3,0
DA:5,0
DA:26,0
LF:3
LH:0
BRF:0
BRH:0
end_of_record
TN:
SF:src\models\index.ts
FN:25,(anonymous_0)
FN:33,(anonymous_1)
FN:41,(anonymous_2)
FNF:3
FNH:3
FNDA:6,(anonymous_0)
FNDA:4,(anonymous_1)
FNDA:4,(anonymous_2)
DA:3,2
DA:4,2
DA:5,2
DA:6,2
DA:7,2
DA:8,2
DA:9,2
DA:10,2
DA:13,2
DA:14,0
DA:16,2
DA:24,2
DA:26,6
DA:34,4
DA:38,4
DA:41,2
DA:42,4
DA:43,4
DA:47,2
DA:48,2
DA:50,2
LF:21
LH:20
BRDA:8,0,0,2
BRDA:8,0,1,0
BRDA:13,1,0,0
BRDA:13,1,1,2
BRDA:27,2,0,6
BRDA:27,2,1,6
BRDA:27,2,2,4
BRDA:27,2,3,4
BRDA:42,3,0,4
BRDA:42,3,1,0
BRF:10
BRH:7
end_of_record
TN:
SF:src\models\ledger.ts
FN:7,(anonymous_0)
FN:24,(anonymous_1)
FNF:2
FNH:2
FNDA:2,(anonymous_0)
FNDA:2,(anonymous_1)
DA:3,2
DA:4,2
DA:7,2
DA:27,2
DA:32,2
DA:38,2
DA:81,2
LF:7
LH:7
BRF:0
BRH:0
end_of_record
TN:
SF:src\models\wallet.ts
FN:6,(anonymous_0)
FN:20,(anonymous_1)
FNF:2
FNH:2
FNDA:2,(anonymous_0)
FNDA:2,(anonymous_1)
DA:2,2
DA:3,2
DA:6,2
DA:22,2
DA:27,2
DA:34,2
DA:67,2
LF:7
LH:7
BRF:0
BRH:0
end_of_record
TN:
SF:src\routes\transfer.route.ts
FNF:0
FNH:0
DA:1,1
DA:2,1
DA:6,1
DA:8,1
DA:11,1
DA:13,1
LF:6
LH:6
BRF:0
BRH:0
end_of_record
TN:
SF:src\seeders\wallets.ts
FNF:0
FNH:0
DA:1,0
DA:4,0
LF:2
LH:0
BRF:0
BRH:0
end_of_record
TN:
SF:src\services\interestAccumulatorService.ts
FN:13,(anonymous_0)
FN:25,(anonymous_1)
FNF:2
FNH:2
FNDA:3,(anonymous_0)
FNDA:7,(anonymous_1)
DA:1,1
DA:4,1
DA:6,1
DA:7,1
DA:14,3
DA:16,3
DA:18,3
DA:20,3
DA:22,3
DA:26,7
LF:10
LH:10
BRDA:18,0,0,1
BRDA:18,0,1,2
BRDA:26,1,0,7
BRDA:26,1,1,4
BRDA:26,1,2,5
BRF:5
BRH:5
end_of_record
TN:
SF:src\services\walletService.ts
FN:12,(anonymous_1)
FN:18,(anonymous_2)
FN:25,(anonymous_3)
FN:62,(anonymous_4)
FN:81,(anonymous_5)
FN:93,(anonymous_6)
FNF:6
FNH:6
FNDA:2,(anonymous_1)
FNDA:4,(anonymous_2)
FNDA:4,(anonymous_3)
FNDA:2,(anonymous_4)
FNDA:2,(anonymous_5)
FNDA:2,(anonymous_6)
DA:2,2
DA:3,2
DA:11,2
DA:15,2
DA:25,4
DA:27,4
DA:40,4
DA:41,1
DA:42,1
DA:43,1
DA:47,3
DA:50,2
DA:53,2
DA:59,2
DA:69,2
DA:78,2
DA:85,2
DA:90,2
DA:96,2
LF:19
LH:19
BRDA:40,0,0,1
BRDA:40,0,1,3
BRF:2
BRH:2
end_of_record
TN:
SF:src\types\enum.ts
FN:1,(anonymous_0)
FN:7,(anonymous_1)
FNF:2
FNH:2
FNDA:3,(anonymous_0)
FNDA:3,(anonymous_1)
DA:1,3
DA:2,3
DA:3,3
DA:4,3
DA:7,3
DA:8,3
DA:9,3
LF:7
LH:7
BRDA:1,0,0,3
BRDA:1,0,1,3
BRDA:7,1,0,3
BRDA:7,1,1,3
BRF:4
BRH:4
end_of_record
